2024-05-19 02:03:44 - INFO - c.e.ELKDemo.ElkDemoApplicationTests - Starting ElkDemoApplicationTests using Java 17.0.6 with PID 18380 (started by bobby in C:\Users\bobby\Downloads\Experiment\7.2 ELK\ELK-Demo)
2024-05-19 02:03:44 - INFO - c.e.ELKDemo.ElkDemoApplicationTests - No active profile set, falling back to 1 default profile: "default"
2024-05-19 02:03:47 - INFO - c.e.ELKDemo.ElkDemoApplicationTests - Started ElkDemoApplicationTests in 3.509 seconds (process running for 4.685)
2024-05-19 00:15:43 - INFO - c.e.ELKDemo.ElkDemoApplication - Starting ElkDemoApplication v0.0.1-SNAPSHOT using Java 17-ea with PID 1 (/app/app.jar started by root in /app)
2024-05-19 00:15:43 - INFO - c.e.ELKDemo.ElkDemoApplication - No active profile set, falling back to 1 default profile: "default"
2024-05-19 00:15:45 - INFO - o.s.b.w.e.tomcat.TomcatWebServer - Tomcat initialized with port 8080 (http)
2024-05-19 00:15:45 - INFO - o.a.coyote.http11.Http11NioProtocol - Initializing ProtocolHandler ["http-nio-8080"]
2024-05-19 00:15:45 - INFO - o.a.catalina.core.StandardService - Starting service [Tomcat]
2024-05-19 00:15:45 - INFO - o.a.catalina.core.StandardEngine - Starting Servlet engine: [Apache Tomcat/10.1.20]
2024-05-19 00:15:45 - INFO - o.a.c.c.C.[Tomcat].[localhost].[/] - Initializing Spring embedded WebApplicationContext
2024-05-19 00:15:45 - INFO - o.s.b.w.s.c.ServletWebServerApplicationContext - Root WebApplicationContext: initialization completed in 1518 ms
2024-05-19 00:15:46 - INFO - o.a.coyote.http11.Http11NioProtocol - Starting ProtocolHandler ["http-nio-8080"]
2024-05-19 00:15:46 - INFO - o.s.b.w.e.tomcat.TomcatWebServer - Tomcat started on port 8080 (http) with context path ''
2024-05-19 00:15:46 - INFO - c.e.ELKDemo.ElkDemoApplication - Started ElkDemoApplication in 3.306 seconds (process running for 3.964)
2024-05-19 00:19:03 - INFO - o.a.c.c.C.[Tomcat].[localhost].[/] - Initializing Spring DispatcherServlet 'dispatcherServlet'
2024-05-19 00:19:03 - INFO - o.s.web.servlet.DispatcherServlet - Initializing Servlet 'dispatcherServlet'
2024-05-19 00:19:03 - INFO - o.s.web.servlet.DispatcherServlet - Completed initialization in 1 ms
2024-05-19 00:44:24 - INFO - c.e.ELKDemo.ElkDemoApplication - Starting ElkDemoApplication v0.0.1-SNAPSHOT using Java 17-ea with PID 1 (/app/app.jar started by root in /app)
2024-05-19 00:44:24 - INFO - c.e.ELKDemo.ElkDemoApplication - No active profile set, falling back to 1 default profile: "default"
2024-05-19 00:44:28 - INFO - o.s.b.w.e.tomcat.TomcatWebServer - Tomcat initialized with port 8080 (http)
2024-05-19 00:44:28 - INFO - o.a.coyote.http11.Http11NioProtocol - Initializing ProtocolHandler ["http-nio-8080"]
2024-05-19 00:44:28 - INFO - o.a.catalina.core.StandardService - Starting service [Tomcat]
2024-05-19 00:44:28 - INFO - o.a.catalina.core.StandardEngine - Starting Servlet engine: [Apache Tomcat/10.1.20]
2024-05-19 00:44:28 - INFO - o.a.c.c.C.[Tomcat].[localhost].[/] - Initializing Spring embedded WebApplicationContext
2024-05-19 00:44:28 - INFO - o.s.b.w.s.c.ServletWebServerApplicationContext - Root WebApplicationContext: initialization completed in 4534 ms
2024-05-19 00:44:32 - INFO - o.a.coyote.http11.Http11NioProtocol - Starting ProtocolHandler ["http-nio-8080"]
2024-05-19 00:44:32 - INFO - o.s.b.w.e.tomcat.TomcatWebServer - Tomcat started on port 8080 (http) with context path ''
2024-05-19 00:44:33 - INFO - c.e.ELKDemo.ElkDemoApplication - Started ElkDemoApplication in 10.768 seconds (process running for 12.437)
2024-05-19 00:47:31 - INFO - c.e.ELKDemo.ElkDemoApplication - Starting ElkDemoApplication v0.0.1-SNAPSHOT using Java 17-ea with PID 1 (/app/app.jar started by root in /app)
2024-05-19 00:47:31 - INFO - c.e.ELKDemo.ElkDemoApplication - No active profile set, falling back to 1 default profile: "default"
2024-05-19 00:47:36 - INFO - o.s.b.w.e.tomcat.TomcatWebServer - Tomcat initialized with port 8080 (http)
2024-05-19 00:47:36 - INFO - o.a.coyote.http11.Http11NioProtocol - Initializing ProtocolHandler ["http-nio-8080"]
2024-05-19 00:47:36 - INFO - o.a.catalina.core.StandardService - Starting service [Tomcat]
2024-05-19 00:47:36 - INFO - o.a.catalina.core.StandardEngine - Starting Servlet engine: [Apache Tomcat/10.1.20]
2024-05-19 00:47:36 - INFO - o.a.c.c.C.[Tomcat].[localhost].[/] - Initializing Spring embedded WebApplicationContext
2024-05-19 00:47:36 - INFO - o.s.b.w.s.c.ServletWebServerApplicationContext - Root WebApplicationContext: initialization completed in 4797 ms
2024-05-19 00:47:40 - INFO - o.a.coyote.http11.Http11NioProtocol - Starting ProtocolHandler ["http-nio-8080"]
2024-05-19 00:47:40 - INFO - o.s.b.w.e.tomcat.TomcatWebServer - Tomcat started on port 8080 (http) with context path ''
2024-05-19 00:47:40 - INFO - c.e.ELKDemo.ElkDemoApplication - Started ElkDemoApplication in 11.04 seconds (process running for 12.345)
2024-05-19 00:57:38 - INFO - c.e.ELKDemo.ElkDemoApplication - Starting ElkDemoApplication v0.0.1-SNAPSHOT using Java 17-ea with PID 1 (/app/app.jar started by root in /app)
2024-05-19 00:57:38 - INFO - c.e.ELKDemo.ElkDemoApplication - No active profile set, falling back to 1 default profile: "default"
2024-05-19 00:57:42 - INFO - o.s.b.w.e.tomcat.TomcatWebServer - Tomcat initialized with port 8080 (http)
2024-05-19 00:57:42 - INFO - o.a.coyote.http11.Http11NioProtocol - Initializing ProtocolHandler ["http-nio-8080"]
2024-05-19 00:57:42 - INFO - o.a.catalina.core.StandardService - Starting service [Tomcat]
2024-05-19 00:57:42 - INFO - o.a.catalina.core.StandardEngine - Starting Servlet engine: [Apache Tomcat/10.1.20]
2024-05-19 00:57:43 - INFO - o.a.c.c.C.[Tomcat].[localhost].[/] - Initializing Spring embedded WebApplicationContext
2024-05-19 00:57:43 - INFO - o.s.b.w.s.c.ServletWebServerApplicationContext - Root WebApplicationContext: initialization completed in 4647 ms
2024-05-19 00:57:46 - INFO - o.a.coyote.http11.Http11NioProtocol - Starting ProtocolHandler ["http-nio-8080"]
2024-05-19 00:57:47 - INFO - o.s.b.w.e.tomcat.TomcatWebServer - Tomcat started on port 8080 (http) with context path ''
2024-05-19 00:57:47 - INFO - c.e.ELKDemo.ElkDemoApplication - Started ElkDemoApplication in 10.964 seconds (process running for 13.581)
